d:\03_workspace\vs2017_workspace\myqq\qqclient\qqclient\debug\qqclient.pch
d:\03_workspace\vs2017_workspace\myqq\qqclient\qqclient\debug\vc141.pdb
d:\03_workspace\vs2017_workspace\myqq\qqclient\qqclient\debug\vc141.idb
d:\03_workspace\vs2017_workspace\myqq\qqclient\qqclient\debug\stdafx.obj
d:\03_workspace\vs2017_workspace\myqq\qqclient\qqclient\debug\chat.obj
d:\03_workspace\vs2017_workspace\myqq\qqclient\qqclient\debug\logon.obj
d:\03_workspace\vs2017_workspace\myqq\qqclient\qqclient\debug\newsock.obj
d:\03_workspace\vs2017_workspace\myqq\qqclient\qqclient\debug\qqclient.obj
d:\03_workspace\vs2017_workspace\myqq\qqclient\qqclient\debug\qqclientdlg.obj
d:\03_workspace\vs2017_workspace\myqq\qqclient\qqclient\debug\userlist.obj
d:\03_workspace\vs2017_workspace\tcp\cclient\cclient\debug\qqclient.ilk
d:\03_workspace\vs2017_workspace\tcp\cclient\cclient\debug\qqclient.exe
d:\03_workspace\vs2017_workspace\tcp\cclient\cclient\debug\qqclient.pdb
d:\03_workspace\vs2017_workspace\myqq\qqclient\qqclient\debug\qqclient.res
d:\03_workspace\vs2017_workspace\myqq\qqclient\qqclient\debug\qqclient.tlog\cl.command.1.tlog
d:\03_workspace\vs2017_workspace\myqq\qqclient\qqclient\debug\qqclient.tlog\cl.read.1.tlog
d:\03_workspace\vs2017_workspace\myqq\qqclient\qqclient\debug\qqclient.tlog\cl.write.1.tlog
d:\03_workspace\vs2017_workspace\myqq\qqclient\qqclient\debug\qqclient.tlog\link.command.1.tlog
d:\03_workspace\vs2017_workspace\myqq\qqclient\qqclient\debug\qqclient.tlog\link.read.1.tlog
d:\03_workspace\vs2017_workspace\myqq\qqclient\qqclient\debug\qqclient.tlog\link.write.1.tlog
d:\03_workspace\vs2017_workspace\myqq\qqclient\qqclient\debug\qqclient.tlog\rc.command.1.tlog
d:\03_workspace\vs2017_workspace\myqq\qqclient\qqclient\debug\qqclient.tlog\rc.read.1.tlog
d:\03_workspace\vs2017_workspace\myqq\qqclient\qqclient\debug\qqclient.tlog\rc.write.1.tlog
