d:\03_workspace\vs2017_workspace\myqq\qqclient\qqclient\release\qqclient.pch
d:\03_workspace\vs2017_workspace\myqq\qqclient\qqclient\release\vc141.pdb
d:\03_workspace\vs2017_workspace\myqq\qqclient\qqclient\release\stdafx.obj
d:\03_workspace\vs2017_workspace\myqq\qqclient\qqclient\release\userlist.obj
d:\03_workspace\vs2017_workspace\myqq\qqclient\qqclient\release\qqclientdlg.obj
d:\03_workspace\vs2017_workspace\myqq\qqclient\qqclient\release\qqclient.obj
d:\03_workspace\vs2017_workspace\myqq\qqclient\qqclient\release\newsock.obj
d:\03_workspace\vs2017_workspace\myqq\qqclient\qqclient\release\logon.obj
d:\03_workspace\vs2017_workspace\myqq\qqclient\qqclient\release\chat.obj
d:\03_workspace\vs2017_workspace\tcp\cclient\cclient\release\qqclient.exe
d:\03_workspace\vs2017_workspace\tcp\cclient\cclient\release\qqclient.pdb
d:\03_workspace\vs2017_workspace\tcp\cclient\cclient\release\qqclient.ipdb
d:\03_workspace\vs2017_workspace\tcp\cclient\cclient\release\qqclient.iobj
d:\03_workspace\vs2017_workspace\myqq\qqclient\qqclient\release\qqclient.res
d:\03_workspace\vs2017_workspace\myqq\qqclient\qqclient\release\qqclient.tlog\cl.command.1.tlog
d:\03_workspace\vs2017_workspace\myqq\qqclient\qqclient\release\qqclient.tlog\cl.read.1.tlog
d:\03_workspace\vs2017_workspace\myqq\qqclient\qqclient\release\qqclient.tlog\cl.write.1.tlog
d:\03_workspace\vs2017_workspace\myqq\qqclient\qqclient\release\qqclient.tlog\link.command.1.tlog
d:\03_workspace\vs2017_workspace\myqq\qqclient\qqclient\release\qqclient.tlog\link.read.1.tlog
d:\03_workspace\vs2017_workspace\myqq\qqclient\qqclient\release\qqclient.tlog\link.write.1.tlog
d:\03_workspace\vs2017_workspace\myqq\qqclient\qqclient\release\qqclient.tlog\qqclient.write.1u.tlog
d:\03_workspace\vs2017_workspace\myqq\qqclient\qqclient\release\qqclient.tlog\rc.command.1.tlog
d:\03_workspace\vs2017_workspace\myqq\qqclient\qqclient\release\qqclient.tlog\rc.read.1.tlog
d:\03_workspace\vs2017_workspace\myqq\qqclient\qqclient\release\qqclient.tlog\rc.write.1.tlog
