d:\03_workspace\vs2017_workspace\myqq\qqserver\qqserver\debug\qqserver.pch
d:\03_workspace\vs2017_workspace\myqq\qqserver\qqserver\debug\vc141.pdb
d:\03_workspace\vs2017_workspace\myqq\qqserver\qqserver\debug\vc141.idb
d:\03_workspace\vs2017_workspace\myqq\qqserver\qqserver\debug\stdafx.obj
d:\03_workspace\vs2017_workspace\myqq\qqserver\qqserver\debug\qqserver.obj
d:\03_workspace\vs2017_workspace\myqq\qqserver\qqserver\debug\qqserverdlg.obj
d:\03_workspace\vs2017_workspace\myqq\qqserver\qqserver\debug\serversock.obj
d:\03_workspace\vs2017_workspace\tcp\cclient\cclient\debug\qqserver.exe
d:\03_workspace\vs2017_workspace\tcp\cclient\cclient\debug\qqserver.ilk
d:\03_workspace\vs2017_workspace\tcp\cclient\cclient\debug\qqserver.pdb
d:\03_workspace\vs2017_workspace\myqq\qqserver\qqserver\debug\qqserver.res
d:\03_workspace\vs2017_workspace\myqq\qqserver\qqserver\debug\qqserver.tlog\cl.command.1.tlog
d:\03_workspace\vs2017_workspace\myqq\qqserver\qqserver\debug\qqserver.tlog\cl.read.1.tlog
d:\03_workspace\vs2017_workspace\myqq\qqserver\qqserver\debug\qqserver.tlog\cl.write.1.tlog
d:\03_workspace\vs2017_workspace\myqq\qqserver\qqserver\debug\qqserver.tlog\link.command.1.tlog
d:\03_workspace\vs2017_workspace\myqq\qqserver\qqserver\debug\qqserver.tlog\link.read.1.tlog
d:\03_workspace\vs2017_workspace\myqq\qqserver\qqserver\debug\qqserver.tlog\link.write.1.tlog
d:\03_workspace\vs2017_workspace\myqq\qqserver\qqserver\debug\qqserver.tlog\rc.command.1.tlog
d:\03_workspace\vs2017_workspace\myqq\qqserver\qqserver\debug\qqserver.tlog\rc.read.1.tlog
d:\03_workspace\vs2017_workspace\myqq\qqserver\qqserver\debug\qqserver.tlog\rc.write.1.tlog
